[01m[K/home/naoko/develop_ws/src/classudp/src/catch_publisher.cpp:[m[K In function â€˜[01m[Kint[01;32m[K main[m[K(int, char**)[m[Kâ€™:
[01m[K/home/naoko/develop_ws/src/classudp/src/catch_publisher.cpp:12:5:[m[K [01;31m[Kerror: [m[Kexpected â€˜[01m[K;[m[Kâ€™ before â€˜[01m[Krclcpp[m[Kâ€™
   12 |     [01;31m[Krclcpp[m[K::WallRate loop(1);
      |     [01;31m[K^~~~~~[m[K
[01m[K/home/naoko/develop_ws/src/classudp/src/catch_publisher.cpp:13:5:[m[K [01;31m[Kerror: [m[Kâ€˜[01m[KWhile[m[Kâ€™ was not declared in this scope
   13 |     [01;31m[KWhile[m[K(rclcpp::ok()){
      |     [01;31m[K^~~~~[m[K
gmake[2]: *** [CMakeFiles/catch_publisher.dir/build.make:76: CMakeFiles/catch_publisher.dir/src/catch_publisher.cpp.o] Error 1
gmake[1]: *** [CMakeFiles/Makefile2:137: CMakeFiles/catch_publisher.dir/all] Error 2
gmake: *** [Makefile:146: all] Error 2
