[0.008s] Invoking command in '/home/naoko/develop_ws/build/classudp': DEBUGINFOD_URLS=https://debuginfod.ubuntu.com /usr/bin/cmake --build /home/naoko/develop_ws/build/classudp -- -j12 -l12
[0.025s] -- Found ament_cmake: 2.5.4 (/opt/ros/jazzy/share/ament_cmake/cmake)
[0.159s] -- Found rclcpp: 28.1.10 (/opt/ros/jazzy/share/rclcpp/cmake)
[0.174s] -- Found rosidl_generator_c: 4.6.5 (/opt/ros/jazzy/share/rosidl_generator_c/cmake)
[0.179s] -- Found rosidl_generator_cpp: 4.6.5 (/opt/ros/jazzy/share/rosidl_generator_cpp/cmake)
[0.186s] -- Using all available rosidl_typesupport_c: rosidl_typesupport_fastrtps_c;rosidl_typesupport_introspection_c
[0.194s] -- Using all available rosidl_typesupport_cpp: rosidl_typesupport_fastrtps_cpp;rosidl_typesupport_introspection_cpp
[0.233s] -- Found rmw_implementation_cmake: 7.3.2 (/opt/ros/jazzy/share/rmw_implementation_cmake/cmake)
[0.234s] -- Found rmw_fastrtps_cpp: 8.4.2 (/opt/ros/jazzy/share/rmw_fastrtps_cpp/cmake)
[0.278s] -- Using RMW implementation 'rmw_fastrtps_cpp' as default
[0.316s] -- Found std_msgs: 5.3.6 (/opt/ros/jazzy/share/std_msgs/cmake)
[0.325s] -- Found sensor_msgs: 5.3.6 (/opt/ros/jazzy/share/sensor_msgs/cmake)
[0.349s] -- Found ament_lint_auto: 0.17.2 (/opt/ros/jazzy/share/ament_lint_auto/cmake)
[0.397s] Error parsing '/home/naoko/develop_ws/src/classudp/package.xml':
[1.968s] Traceback (most recent call last):
[1.969s]   File "/usr/lib/python3/dist-packages/catkin_pkg/package.py", line 610, in parse_package_string
[1.969s]     root = dom.parseString(data)
[1.969s]            ^^^^^^^^^^^^^^^^^^^^^
[1.969s]   File "/usr/lib/python3.12/xml/dom/minidom.py", line 2000, in parseString
[1.969s]     return expatbuilder.parseString(string)
[1.969s]            ^^^^^^^^^^^^^^^^^^^^^^^^^^^^^^^^
[1.969s]   File "/usr/lib/python3.12/xml/dom/expatbuilder.py", line 922, in parseString
[1.969s]     return builder.parseString(string)
[1.969s]            ^^^^^^^^^^^^^^^^^^^^^^^^^^^
[1.969s]   File "/usr/lib/python3.12/xml/dom/expatbuilder.py", line 220, in parseString
[1.969s]     parser.Parse(string, True)
[1.969s] xml.parsers.expat.ExpatError: mismatched tag: line 22, column 2
[1.969s] 
[1.969s] During handling of the above exception, another exception occurred:
[1.969s] 
[1.969s] Traceback (most recent call last):
[1.970s]   File "/opt/ros/jazzy/share/ament_cmake_core/cmake/core/package_xml_2_cmake.py", line 150, in <module>
[1.970s]     main()
[1.970s]   File "/opt/ros/jazzy/share/ament_cmake_core/cmake/core/package_xml_2_cmake.py", line 53, in main
[1.970s]     raise e
[1.970s]   File "/opt/ros/jazzy/share/ament_cmake_core/cmake/core/package_xml_2_cmake.py", line 49, in main
[1.970s]     package = parse_package_string(
[1.970s]               ^^^^^^^^^^^^^^^^^^^^^
[1.970s]   File "/usr/lib/python3/dist-packages/catkin_pkg/package.py", line 612, in parse_package_string
[1.970s]     raise InvalidPackage('The manifest contains invalid XML:\n%s' % ex, filename)
[1.970s] catkin_pkg.package.InvalidPackage: Error(s) in package '/home/naoko/develop_ws/src/classudp/package.xml':
[1.970s] The manifest contains invalid XML:
[1.970s] mismatched tag: line 22, column 2
[1.994s] [31mCMake Error at /opt/ros/jazzy/share/ament_cmake_core/cmake/core/ament_package_xml.cmake:95 (message):
[1.994s]   execute_process(/usr/bin/python3
[1.994s]   /opt/ros/jazzy/share/ament_cmake_core/cmake/core/package_xml_2_cmake.py
[1.994s]   /home/naoko/develop_ws/src/classudp/package.xml
[1.994s]   /home/naoko/develop_ws/build/classudp/ament_cmake_core/package.cmake)
[1.994s]   returned error code 1
[1.994s] Call Stack (most recent call first):
[1.994s]   /opt/ros/jazzy/share/ament_cmake_core/cmake/core/ament_package_xml.cmake:49 (_ament_package_xml)
[1.994s]   /opt/ros/jazzy/share/ament_lint_auto/cmake/ament_lint_auto_find_test_dependencies.cmake:31 (ament_package_xml)
[1.994s]   CMakeLists.txt:37 (ament_lint_auto_find_test_dependencies)
[1.994s] 
[1.994s] [0m
[1.994s] -- Configuring incomplete, errors occurred!
[1.999s] gmake: *** [Makefile:226: cmake_check_build_system] Error 1
[2.001s] Invoked command in '/home/naoko/develop_ws/build/classudp' returned '2': DEBUGINFOD_URLS=https://debuginfod.ubuntu.com /usr/bin/cmake --build /home/naoko/develop_ws/build/classudp -- -j12 -l12
